<?xml version="1.0" encoding="UTF-8"?>
<!-- Generated by org.testng.reporters.JUnitReportReporter -->
<testsuite hostname="Simil" failures="0" tests="2" name="TestModules.Test_LoginTest" time="29.408" errors="0" timestamp="2022-08-09T00:21:16 IST" skipped="0">
  <testcase classname="TestModules.Test_LoginTest" name="VerifyHomeToSignIn" time="27.404"/>
  <system-out/>
  <testcase classname="TestModules.Test_LoginTest" name="SignIn" time="2.004"/>
  <system-out/>
</testsuite> <!-- TestModules.Test_LoginTest -->
